GROUP,PACKAGE,CLASS,INSTRUCTION_MISSED,INSTRUCTION_COVERED,BRANCH_MISSED,BRANCH_COVERED,LINE_MISSED,LINE_COVERED,COMPLEXITY_MISSED,COMPLEXITY_COVERED,METHOD_MISSED,METHOD_COVERED
Calculator,com.houarizegai.calculator.ui,CalculatorUI,1936,0,118,0,376,0,95,0,33,0
Calculator,com.houarizegai.calculator,App,8,0,0,0,3,0,2,0,2,0
Calculator,com.houarizegai.calculator.theme.properties,Theme,42,10,0,0,18,4,12,3,12,3
Calculator,com.houarizegai.calculator.theme.properties,ThemeList,19,0,0,0,5,0,4,0,4,0
Calculator,com.houarizegai.calculator.util,ColorUtil,41,0,0,0,8,0,3,0,3,0
Calculator,com.houarizegai.calculator.theme,ThemeLoader,32,0,0,0,8,0,2,0,2,0
