GROUP,PACKAGE,CLASS,INSTRUCTION_MISSED,INSTRUCTION_COVERED,BRANCH_MISSED,BRANCH_COVERED,LINE_MISSED,LINE_COVERED,COMPLEXITY_MISSED,COMPLEXITY_COVERED,METHOD_MISSED,METHOD_COVERED
Calculator,com.houarizegai.calculator.ui,CalculatorUI,950,986,111,7,219,157,81,14,24,9
Calculator,com.houarizegai.calculator,App,8,0,0,0,3,0,2,0,2,0
Calculator,com.houarizegai.calculator.theme.properties,Theme,0,52,0,0,0,22,0,15,0,15
Calculator,com.houarizegai.calculator.theme.properties,ThemeList,0,19,0,0,0,5,0,4,0,4
Calculator,com.houarizegai.calculator.util,ColorUtil,7,34,0,0,2,4,1,2,1,2
Calculator,com.houarizegai.calculator.theme,ThemeLoader,10,22,0,0,4,4,1,1,1,1
