<!DOCTYPE html>
<!--
 | Generated by Apache Maven Doxia Site Renderer 1.11.1 at 2024-09-09

 | Rendered using Apache Maven Default Skin
-->
<html xmlns="http://www.w3.org/1999/xhtml" xml:lang="en" lang="en">
  <head>
    <meta charset="UTF-8" />
    <meta name="viewport" content="width=device-width, initial-scale=1.0" />
    <meta name="generator" content="Apache Maven Doxia Site Renderer 1.11.1" />
    <title>Calculator &#x2013; Surefire Report</title>
    <link rel="stylesheet" href="./css/maven-base.css" />
    <link rel="stylesheet" href="./css/maven-theme.css" />
    <link rel="stylesheet" href="./css/site.css" />
    <link rel="stylesheet" href="./css/print.css" media="print" />
  </head>
  <body class="composite">
    <div id="banner">
      <div class="clear">
        <hr/>
      </div>
    </div>
    <div id="breadcrumbs">
      <div class="xleft">
        <span id="publishDate">Last Published: 2024-09-09</span>
           | <span id="projectVersion">Version: 1.0-SNAPSHOT</span>
      </div>
      <div class="xright">      </div>
      <div class="clear">
        <hr/>
      </div>
    </div>
    <div id="leftColumn">
      <div id="navcolumn">
      <a href="http://maven.apache.org/" title="Built by Maven" class="poweredBy">
        <img class="poweredBy" alt="Built by Maven" src="./images/logos/maven-feather.png" />
      </a>
      </div>
    </div>
    <div id="bodyColumn">
      <div id="contentBox">
<script type="text/javascript">
function toggleDisplay(elementId) {
 var elm = document.getElementById(elementId + '-error');
 if (elm == null) {
  elm = document.getElementById(elementId + '-failure');
 }
 if (elm && typeof elm.style != "undefined") {
  if (elm.style.display == "none") {
   elm.style.display = "";
   document.getElementById(elementId + '-off').style.display = "none";
   document.getElementById(elementId + '-on').style.display = "inline";
  } else if (elm.style.display == "") {   elm.style.display = "none";
   document.getElementById(elementId + '-off').style.display = "inline";
   document.getElementById(elementId + '-on').style.display = "none";
  }
 }
 }</script><section>
<h2><a name="Surefire_Report"></a>Surefire Report</h2></section><section><a id="Summary"></a>
<h2><a name="Summary"></a>Summary</h2>
<p>[<a href="#Summary">Summary</a>] [<a href="#Package_List">Package List</a>] [<a href="#Test_Cases">Test Cases</a>]</p><br />
<table border="0" class="bodyTable">
<tr class="a">
<th>Tests</th>
<th>Errors</th>
<th>Failures</th>
<th>Skipped</th>
<th>Success Rate</th>
<th>Time</th></tr>
<tr class="b">
<td align="left">2</td>
<td>2</td>
<td>0</td>
<td>0</td>
<td>0%</td>
<td>0.438 s</td></tr></table><br />
<p>Note: failures are anticipated and checked for with assertions while errors are unanticipated.</p><br /></section><section><a id="Package_List"></a>
<h2><a name="Package_List"></a>Package List</h2>
<p>[<a href="#Summary">Summary</a>] [<a href="#Package_List">Package List</a>] [<a href="#Test_Cases">Test Cases</a>]</p><br />
<table border="0" class="bodyTable">
<tr class="a">
<th>Package</th>
<th>Tests</th>
<th>Errors</th>
<th>Failures</th>
<th>Skipped</th>
<th>Success Rate</th>
<th>Time</th></tr>
<tr class="b">
<td align="left"><a href="#com.houari.RoostTest">com.houari.RoostTest</a></td>
<td>1</td>
<td>1</td>
<td>0</td>
<td>0</td>
<td>0%</td>
<td>0.380 s</td></tr>
<tr class="a">
<td align="left"><a href="#com.houarizegai.calculator">com.houarizegai.calculator</a></td>
<td>1</td>
<td>1</td>
<td>0</td>
<td>0</td>
<td>0%</td>
<td>0.058 s</td></tr></table><br />
<p>Note: package statistics are not computed recursively, they only sum up all of its testsuites numbers.</p><section><a id="com.houari.RoostTest"></a>
<h3><a name="com.houari.RoostTest"></a>com.houari.RoostTest</h3>
<table border="0" class="bodyTable">
<tr class="a">
<th>-</th>
<th>Class</th>
<th>Tests</th>
<th>Errors</th>
<th>Failures</th>
<th>Skipped</th>
<th>Success Rate</th>
<th>Time</th></tr>
<tr class="b">
<td align="left"><a href="#com.houari.RoostTest.queryGetTest"><img src="images/icon_error_sml.gif" alt="" /></a></td>
<td><a href="#com.houari.RoostTest.queryGetTest">queryGetTest</a></td>
<td>1</td>
<td>1</td>
<td>0</td>
<td>0</td>
<td>0%</td>
<td>0.380 s</td></tr></table></section><section><a id="com.houarizegai.calculator"></a>
<h3><a name="com.houarizegai.calculator"></a>com.houarizegai.calculator</h3>
<table border="0" class="bodyTable">
<tr class="a">
<th>-</th>
<th>Class</th>
<th>Tests</th>
<th>Errors</th>
<th>Failures</th>
<th>Skipped</th>
<th>Success Rate</th>
<th>Time</th></tr>
<tr class="b">
<td align="left"><a href="#com.houarizegai.calculator.CalculatorUITest"><img src="images/icon_error_sml.gif" alt="" /></a></td>
<td><a href="#com.houarizegai.calculator.CalculatorUITest">CalculatorUITest</a></td>
<td>1</td>
<td>1</td>
<td>0</td>
<td>0</td>
<td>0%</td>
<td>0.058 s</td></tr></table></section><br /></section><section><a id="Test_Cases"></a>
<h2><a name="Test_Cases"></a>Test Cases</h2>
<p>[<a href="#Summary">Summary</a>] [<a href="#Package_List">Package List</a>] [<a href="#Test_Cases">Test Cases</a>]</p><section><a id="com.houarizegai.calculator.CalculatorUITest"></a>
<h3><a name="CalculatorUITest"></a>CalculatorUITest</h3>
<table border="0" class="bodyTable">
<tr class="a">
<td align="left"><a href="#com.houarizegai.calculator.CalculatorUITest.testCalculationdouble_double_char_double"><img src="images/icon_error_sml.gif" alt="" /></a></td>
<td><a id="TC_com.houarizegai.calculator.CalculatorUITest.testCalculationdouble_double_char_double"></a><a href="#com.houarizegai.calculator.CalculatorUITest.testCalculationdouble_double_char_double">testCalculation(double, double, char, double)</a>
<div class="detailToggle" style="display:inline"><a href="javascript:toggleDisplay('com.houarizegai.calculator.CalculatorUITest.testCalculationdouble_double_char_double');"><span style="display:inline;" id="com.houarizegai.calculator.CalculatorUITest.testCalculationdouble_double_char_double-off"> + </span><span style="display:none;" id="com.houarizegai.calculator.CalculatorUITest.testCalculationdouble_double_char_double-on"> - </span>[ Detail ]</a></div></td>
<td>0.052 s</td></tr>
<tr class="b">
<td align="left">-</td>
<td>org/junit/jupiter/api/Named</td>
<td>-</td></tr>
<tr class="a" id="com.houarizegai.calculator.CalculatorUITest.testCalculationdouble_double_char_double-error" style="display:none;">
<td align="left">-</td>
<td>
<div class="source">
<pre>java.lang.NoClassDefFoundError: org/junit/jupiter/api/Named
	at org.junit.jupiter.params.ParameterizedTestNameFormatter.lambda$extractNamedArguments$0(ParameterizedTestNameFormatter.java:69)
	at java.base/java.util.stream.ReferencePipeline$3$1.accept(ReferencePipeline.java:197)
	at java.base/java.util.Spliterators$ArraySpliterator.forEachRemaining(Spliterators.java:992)
	at java.base/java.util.stream.AbstractPipeline.copyInto(AbstractPipeline.java:509)
	at java.base/java.util.stream.AbstractPipeline.wrapAndCopyInto(AbstractPipeline.java:499)
	at java.base/java.util.stream.AbstractPipeline.evaluate(AbstractPipeline.java:575)
	at java.base/java.util.stream.AbstractPipeline.evaluateToArrayNode(AbstractPipeline.java:260)
	at java.base/java.util.stream.ReferencePipeline.toArray(ReferencePipeline.java:616)
	at java.base/java.util.stream.ReferencePipeline.toArray(ReferencePipeline.java:622)
	at org.junit.jupiter.params.ParameterizedTestNameFormatter.extractNamedArguments(ParameterizedTestNameFormatter.java:70)
	at org.junit.jupiter.params.ParameterizedTestNameFormatter.formatSafely(ParameterizedTestNameFormatter.java:60)
	at org.junit.jupiter.params.ParameterizedTestNameFormatter.format(ParameterizedTestNameFormatter.java:50)
	at org.junit.jupiter.params.ParameterizedTestInvocationContext.getDisplayName(ParameterizedTestInvocationContext.java:38)
	at org.junit.jupiter.engine.descriptor.TestTemplateInvocationTestDescriptor.&lt;init&gt;(TestTemplateInvocationTestDescriptor.java:48)
	at org.junit.jupiter.engine.descriptor.TestTemplateTestDescriptor.createInvocationTestDescriptor(TestTemplateTestDescriptor.java:131)
	at org.junit.jupiter.engine.descriptor.TestTemplateTestDescriptor.lambda$execute$1(TestTemplateTestDescriptor.java:104)
	at java.base/java.util.stream.ReferencePipeline$3$1.accept(ReferencePipeline.java:197)
	at java.base/java.util.stream.ForEachOps$ForEachOp$OfRef.accept(ForEachOps.java:183)
	at java.base/java.util.stream.ReferencePipeline$3$1.accept(ReferencePipeline.java:197)
	at java.base/java.util.stream.ReferencePipeline$3$1.accept(ReferencePipeline.java:197)
	at java.base/java.util.stream.ReferencePipeline$3$1.accept(ReferencePipeline.java:197)
	at java.base/java.util.ArrayList$ArrayListSpliterator.forEachRemaining(ArrayList.java:1625)
	at java.base/java.util.stream.ReferencePipeline$Head.forEach(ReferencePipeline.java:762)
	at java.base/java.util.stream.ReferencePipeline$7$1.accept(ReferencePipeline.java:276)
	at java.base/java.util.stream.ReferencePipeline$3$1.accept(ReferencePipeline.java:197)
	at java.base/java.util.stream.ReferencePipeline$3$1.accept(ReferencePipeline.java:197)
	at java.base/java.util.stream.ReferencePipeline$3$1.accept(ReferencePipeline.java:197)
	at java.base/java.util.ArrayList$ArrayListSpliterator.forEachRemaining(ArrayList.java:1625)
	at java.base/java.util.stream.AbstractPipeline.copyInto(AbstractPipeline.java:509)
	at java.base/java.util.stream.AbstractPipeline.wrapAndCopyInto(AbstractPipeline.java:499)
	at java.base/java.util.stream.ForEachOps$ForEachOp.evaluateSequential(ForEachOps.java:150)
	at java.base/java.util.stream.ForEachOps$ForEachOp$OfRef.evaluateSequential(ForEachOps.java:173)
	at java.base/java.util.stream.AbstractPipeline.evaluate(AbstractPipeline.java:234)
	at java.base/java.util.stream.ReferencePipeline.forEach(ReferencePipeline.java:596)
	at java.base/java.util.stream.ReferencePipeline$7$1.accept(ReferencePipeline.java:276)
	at java.base/java.util.ArrayList$ArrayListSpliterator.forEachRemaining(ArrayList.java:1625)
	at java.base/java.util.stream.AbstractPipeline.copyInto(AbstractPipeline.java:509)
	at java.base/java.util.stream.AbstractPipeline.wrapAndCopyInto(AbstractPipeline.java:499)
	at java.base/java.util.stream.ForEachOps$ForEachOp.evaluateSequential(ForEachOps.java:150)
	at java.base/java.util.stream.ForEachOps$ForEachOp$OfRef.evaluateSequential(ForEachOps.java:173)
	at java.base/java.util.stream.AbstractPipeline.evaluate(AbstractPipeline.java:234)
	at java.base/java.util.stream.ReferencePipeline.forEach(ReferencePipeline.java:596)
	at org.junit.jupiter.engine.descriptor.TestTemplateTestDescriptor.execute(TestTemplateTestDescriptor.java:107)
	at org.junit.jupiter.engine.descriptor.TestTemplateTestDescriptor.execute(TestTemplateTestDescriptor.java:42)
	at org.junit.platform.engine.support.hierarchical.NodeTestTask.lambda$executeRecursively$5(NodeTestTask.java:139)
	at org.junit.platform.engine.support.hierarchical.ThrowableCollector.execute(ThrowableCollector.java:73)
	at org.junit.platform.engine.support.hierarchical.NodeTestTask.lambda$executeRecursively$7(NodeTestTask.java:129)
	at org.junit.platform.engine.support.hierarchical.Node.around(Node.java:137)
	at org.junit.platform.engine.support.hierarchical.NodeTestTask.lambda$executeRecursively$8(NodeTestTask.java:127)
	at org.junit.platform.engine.support.hierarchical.ThrowableCollector.execute(ThrowableCollector.java:73)
	at org.junit.platform.engine.support.hierarchical.NodeTestTask.executeRecursively(NodeTestTask.java:126)
	at org.junit.platform.engine.support.hierarchical.NodeTestTask.execute(NodeTestTask.java:84)
	at java.base/java.util.ArrayList.forEach(ArrayList.java:1511)
	at org.junit.platform.engine.support.hierarchical.SameThreadHierarchicalTestExecutorService.invokeAll(SameThreadHierarchicalTestExecutorService.java:38)
	at org.junit.platform.engine.support.hierarchical.NodeTestTask.lambda$executeRecursively$5(NodeTestTask.java:143)
	at org.junit.platform.engine.support.hierarchical.ThrowableCollector.execute(ThrowableCollector.java:73)
	at org.junit.platform.engine.support.hierarchical.NodeTestTask.lambda$executeRecursively$7(NodeTestTask.java:129)
	at org.junit.platform.engine.support.hierarchical.Node.around(Node.java:137)
	at org.junit.platform.engine.support.hierarchical.NodeTestTask.lambda$executeRecursively$8(NodeTestTask.java:127)
	at org.junit.platform.engine.support.hierarchical.ThrowableCollector.execute(ThrowableCollector.java:73)
	at org.junit.platform.engine.support.hierarchical.NodeTestTask.executeRecursively(NodeTestTask.java:126)
	at org.junit.platform.engine.support.hierarchical.NodeTestTask.execute(NodeTestTask.java:84)
	at java.base/java.util.ArrayList.forEach(ArrayList.java:1511)
	at org.junit.platform.engine.support.hierarchical.SameThreadHierarchicalTestExecutorService.invokeAll(SameThreadHierarchicalTestExecutorService.java:38)
	at org.junit.platform.engine.support.hierarchical.NodeTestTask.lambda$executeRecursively$5(NodeTestTask.java:143)
	at org.junit.platform.engine.support.hierarchical.ThrowableCollector.execute(ThrowableCollector.java:73)
	at org.junit.platform.engine.support.hierarchical.NodeTestTask.lambda$executeRecursively$7(NodeTestTask.java:129)
	at org.junit.platform.engine.support.hierarchical.Node.around(Node.java:137)
	at org.junit.platform.engine.support.hierarchical.NodeTestTask.lambda$executeRecursively$8(NodeTestTask.java:127)
	at org.junit.platform.engine.support.hierarchical.ThrowableCollector.execute(ThrowableCollector.java:73)
	at org.junit.platform.engine.support.hierarchical.NodeTestTask.executeRecursively(NodeTestTask.java:126)
	at org.junit.platform.engine.support.hierarchical.NodeTestTask.execute(NodeTestTask.java:84)
	at org.junit.platform.engine.support.hierarchical.SameThreadHierarchicalTestExecutorService.submit(SameThreadHierarchicalTestExecutorService.java:32)
	at org.junit.platform.engine.support.hierarchical.HierarchicalTestExecutor.execute(HierarchicalTestExecutor.java:57)
	at org.junit.platform.engine.support.hierarchical.HierarchicalTestEngine.execute(HierarchicalTestEngine.java:51)
	at org.junit.platform.launcher.core.EngineExecutionOrchestrator.execute(EngineExecutionOrchestrator.java:108)
	at org.junit.platform.launcher.core.EngineExecutionOrchestrator.execute(EngineExecutionOrchestrator.java:88)
	at org.junit.platform.launcher.core.EngineExecutionOrchestrator.lambda$execute$0(EngineExecutionOrchestrator.java:54)
	at org.junit.platform.launcher.core.EngineExecutionOrchestrator.withInterceptedStreams(EngineExecutionOrchestrator.java:67)
	at org.junit.platform.launcher.core.EngineExecutionOrchestrator.execute(EngineExecutionOrchestrator.java:52)
	at org.junit.platform.launcher.core.DefaultLauncher.execute(DefaultLauncher.java:96)
	at org.junit.platform.launcher.core.DefaultLauncher.execute(DefaultLauncher.java:75)
	at org.apache.maven.surefire.junitplatform.LazyLauncher.execute(LazyLauncher.java:56)
	at org.apache.maven.surefire.junitplatform.JUnitPlatformProvider.execute(JUnitPlatformProvider.java:184)
	at org.apache.maven.surefire.junitplatform.JUnitPlatformProvider.invokeAllTests(JUnitPlatformProvider.java:148)
	at org.apache.maven.surefire.junitplatform.JUnitPlatformProvider.invoke(JUnitPlatformProvider.java:122)
	at org.apache.maven.surefire.booter.ForkedBooter.runSuitesInProcess(ForkedBooter.java:385)
	at org.apache.maven.surefire.booter.ForkedBooter.execute(ForkedBooter.java:162)
	at org.apache.maven.surefire.booter.ForkedBooter.run(ForkedBooter.java:507)
	at org.apache.maven.surefire.booter.ForkedBooter.main(ForkedBooter.java:495)
Caused by: java.lang.ClassNotFoundException: org.junit.jupiter.api.Named
	at java.base/jdk.internal.loader.BuiltinClassLoader.loadClass(BuiltinClassLoader.java:641)
	at java.base/jdk.internal.loader.ClassLoaders$AppClassLoader.loadClass(ClassLoaders.java:188)
	at java.base/java.lang.ClassLoader.loadClass(ClassLoader.java:520)
	... 90 more
</pre></div></td>
<td>-</td></tr></table></section><section><a id="com.houari.RoostTest.queryGetTest"></a>
<h3><a name="queryGetTest"></a>queryGetTest</h3>
<table border="0" class="bodyTable">
<tr class="a">
<td align="left"><a href="#com.houari.RoostTest.queryGetTest.queryGet_Test"><img src="images/icon_error_sml.gif" alt="" /></a></td>
<td><a id="TC_com.houari.RoostTest.queryGetTest.queryGet_Test"></a><a href="#com.houari.RoostTest.queryGetTest.queryGet_Test">queryGet_Test</a>
<div class="detailToggle" style="display:inline"><a href="javascript:toggleDisplay('com.houari.RoostTest.queryGetTest.queryGet_Test');"><span style="display:inline;" id="com.houari.RoostTest.queryGetTest.queryGet_Test-off"> + </span><span style="display:none;" id="com.houari.RoostTest.queryGetTest.queryGet_Test-on"> - </span>[ Detail ]</a></div></td>
<td>0.372 s</td></tr>
<tr class="b">
<td align="left">-</td>
<td>Missing value at 1 [character 2 line 1]</td>
<td>-</td></tr>
<tr class="a" id="com.houari.RoostTest.queryGetTest.queryGet_Test-error" style="display:none;">
<td align="left">-</td>
<td>
<div class="source">
<pre>org.json.JSONException: Missing value at 1 [character 2 line 1]
	at org.json.JSONTokener.syntaxError(JSONTokener.java:507)
	at org.json.JSONTokener.nextValue(JSONTokener.java:457)
	at org.json.JSONObject.&lt;init&gt;(JSONObject.java:233)
	at org.json.JSONObject.&lt;init&gt;(JSONObject.java:406)
	at com.houari.RoostTest.queryGetTest.queryGet_Test(queryGetTest.java:59)
	at java.base/jdk.internal.reflect.NativeMethodAccessorImpl.invoke0(Native Method)
	at java.base/jdk.internal.reflect.NativeMethodAccessorImpl.invoke(NativeMethodAccessorImpl.java:77)
	at java.base/jdk.internal.reflect.DelegatingMethodAccessorImpl.invoke(DelegatingMethodAccessorImpl.java:43)
	at java.base/java.lang.reflect.Method.invoke(Method.java:568)
	at org.junit.platform.commons.util.ReflectionUtils.invokeMethod(ReflectionUtils.java:688)
	at org.junit.jupiter.engine.execution.MethodInvocation.proceed(MethodInvocation.java:60)
	at org.junit.jupiter.engine.execution.InvocationInterceptorChain$ValidatingInvocation.proceed(InvocationInterceptorChain.java:131)
	at org.junit.jupiter.engine.extension.TimeoutExtension.intercept(TimeoutExtension.java:149)
	at org.junit.jupiter.engine.extension.TimeoutExtension.interceptTestableMethod(TimeoutExtension.java:140)
	at org.junit.jupiter.engine.extension.TimeoutExtension.interceptTestMethod(TimeoutExtension.java:84)
	at org.junit.jupiter.engine.execution.ExecutableInvoker$ReflectiveInterceptorCall.lambda$ofVoidMethod$0(ExecutableInvoker.java:115)
	at org.junit.jupiter.engine.execution.ExecutableInvoker.lambda$invoke$0(ExecutableInvoker.java:105)
	at org.junit.jupiter.engine.execution.InvocationInterceptorChain$InterceptedInvocation.proceed(InvocationInterceptorChain.java:106)
	at org.junit.jupiter.engine.execution.InvocationInterceptorChain.proceed(InvocationInterceptorChain.java:64)
	at org.junit.jupiter.engine.execution.InvocationInterceptorChain.chainAndInvoke(InvocationInterceptorChain.java:45)
	at org.junit.jupiter.engine.execution.InvocationInterceptorChain.invoke(InvocationInterceptorChain.java:37)
	at org.junit.jupiter.engine.execution.ExecutableInvoker.invoke(ExecutableInvoker.java:104)
	at org.junit.jupiter.engine.execution.ExecutableInvoker.invoke(ExecutableInvoker.java:98)
	at org.junit.jupiter.engine.descriptor.TestMethodTestDescriptor.lambda$invokeTestMethod$6(TestMethodTestDescriptor.java:210)
	at org.junit.platform.engine.support.hierarchical.ThrowableCollector.execute(ThrowableCollector.java:73)
	at org.junit.jupiter.engine.descriptor.TestMethodTestDescriptor.invokeTestMethod(TestMethodTestDescriptor.java:206)
	at org.junit.jupiter.engine.descriptor.TestMethodTestDescriptor.execute(TestMethodTestDescriptor.java:131)
	at org.junit.jupiter.engine.descriptor.TestMethodTestDescriptor.execute(TestMethodTestDescriptor.java:65)
	at org.junit.platform.engine.support.hierarchical.NodeTestTask.lambda$executeRecursively$5(NodeTestTask.java:139)
	at org.junit.platform.engine.support.hierarchical.ThrowableCollector.execute(ThrowableCollector.java:73)
	at org.junit.platform.engine.support.hierarchical.NodeTestTask.lambda$executeRecursively$7(NodeTestTask.java:129)
	at org.junit.platform.engine.support.hierarchical.Node.around(Node.java:137)
	at org.junit.platform.engine.support.hierarchical.NodeTestTask.lambda$executeRecursively$8(NodeTestTask.java:127)
	at org.junit.platform.engine.support.hierarchical.ThrowableCollector.execute(ThrowableCollector.java:73)
	at org.junit.platform.engine.support.hierarchical.NodeTestTask.executeRecursively(NodeTestTask.java:126)
	at org.junit.platform.engine.support.hierarchical.NodeTestTask.execute(NodeTestTask.java:84)
	at java.base/java.util.ArrayList.forEach(ArrayList.java:1511)
	at org.junit.platform.engine.support.hierarchical.SameThreadHierarchicalTestExecutorService.invokeAll(SameThreadHierarchicalTestExecutorService.java:38)
	at org.junit.platform.engine.support.hierarchical.NodeTestTask.lambda$executeRecursively$5(NodeTestTask.java:143)
	at org.junit.platform.engine.support.hierarchical.ThrowableCollector.execute(ThrowableCollector.java:73)
	at org.junit.platform.engine.support.hierarchical.NodeTestTask.lambda$executeRecursively$7(NodeTestTask.java:129)
	at org.junit.platform.engine.support.hierarchical.Node.around(Node.java:137)
	at org.junit.platform.engine.support.hierarchical.NodeTestTask.lambda$executeRecursively$8(NodeTestTask.java:127)
	at org.junit.platform.engine.support.hierarchical.ThrowableCollector.execute(ThrowableCollector.java:73)
	at org.junit.platform.engine.support.hierarchical.NodeTestTask.executeRecursively(NodeTestTask.java:126)
	at org.junit.platform.engine.support.hierarchical.NodeTestTask.execute(NodeTestTask.java:84)
	at java.base/java.util.ArrayList.forEach(ArrayList.java:1511)
	at org.junit.platform.engine.support.hierarchical.SameThreadHierarchicalTestExecutorService.invokeAll(SameThreadHierarchicalTestExecutorService.java:38)
	at org.junit.platform.engine.support.hierarchical.NodeTestTask.lambda$executeRecursively$5(NodeTestTask.java:143)
	at org.junit.platform.engine.support.hierarchical.ThrowableCollector.execute(ThrowableCollector.java:73)
	at org.junit.platform.engine.support.hierarchical.NodeTestTask.lambda$executeRecursively$7(NodeTestTask.java:129)
	at org.junit.platform.engine.support.hierarchical.Node.around(Node.java:137)
	at org.junit.platform.engine.support.hierarchical.NodeTestTask.lambda$executeRecursively$8(NodeTestTask.java:127)
	at org.junit.platform.engine.support.hierarchical.ThrowableCollector.execute(ThrowableCollector.java:73)
	at org.junit.platform.engine.support.hierarchical.NodeTestTask.executeRecursively(NodeTestTask.java:126)
	at org.junit.platform.engine.support.hierarchical.NodeTestTask.execute(NodeTestTask.java:84)
	at org.junit.platform.engine.support.hierarchical.SameThreadHierarchicalTestExecutorService.submit(SameThreadHierarchicalTestExecutorService.java:32)
	at org.junit.platform.engine.support.hierarchical.HierarchicalTestExecutor.execute(HierarchicalTestExecutor.java:57)
	at org.junit.platform.engine.support.hierarchical.HierarchicalTestEngine.execute(HierarchicalTestEngine.java:51)
	at org.junit.platform.launcher.core.EngineExecutionOrchestrator.execute(EngineExecutionOrchestrator.java:108)
	at org.junit.platform.launcher.core.EngineExecutionOrchestrator.execute(EngineExecutionOrchestrator.java:88)
	at org.junit.platform.launcher.core.EngineExecutionOrchestrator.lambda$execute$0(EngineExecutionOrchestrator.java:54)
	at org.junit.platform.launcher.core.EngineExecutionOrchestrator.withInterceptedStreams(EngineExecutionOrchestrator.java:67)
	at org.junit.platform.launcher.core.EngineExecutionOrchestrator.execute(EngineExecutionOrchestrator.java:52)
	at org.junit.platform.launcher.core.DefaultLauncher.execute(DefaultLauncher.java:96)
	at org.junit.platform.launcher.core.DefaultLauncher.execute(DefaultLauncher.java:75)
	at org.apache.maven.surefire.junitplatform.LazyLauncher.execute(LazyLauncher.java:56)
	at org.apache.maven.surefire.junitplatform.JUnitPlatformProvider.execute(JUnitPlatformProvider.java:184)
	at org.apache.maven.surefire.junitplatform.JUnitPlatformProvider.invokeAllTests(JUnitPlatformProvider.java:148)
	at org.apache.maven.surefire.junitplatform.JUnitPlatformProvider.invoke(JUnitPlatformProvider.java:122)
	at org.apache.maven.surefire.booter.ForkedBooter.runSuitesInProcess(ForkedBooter.java:385)
	at org.apache.maven.surefire.booter.ForkedBooter.execute(ForkedBooter.java:162)
	at org.apache.maven.surefire.booter.ForkedBooter.run(ForkedBooter.java:507)
	at org.apache.maven.surefire.booter.ForkedBooter.main(ForkedBooter.java:495)
</pre></div></td>
<td>-</td></tr></table></section><br /></section><section><a id="Failure_Details"></a>
<h2><a name="Failure_Details"></a>Failure Details</h2>
<p>[<a href="#Summary">Summary</a>] [<a href="#Package_List">Package List</a>] [<a href="#Test_Cases">Test Cases</a>]</p><br />
<table border="0" class="bodyTable">
<tr class="a">
<td align="left"><img src="images/icon_error_sml.gif" alt="" /></td>
<td><a id="com.houarizegai.calculator.CalculatorUITest.testCalculationdouble_double_char_double"></a>testCalculation(double, double, char, double)</td></tr>
<tr class="b">
<td align="left">-</td>
<td>java.lang.NoClassDefFoundError: org/junit/jupiter/api/Named</td></tr>
<tr class="a">
<td align="left">-</td>
<td>
<div id="testCalculation(double, double, char, double)-error">com.houarizegai.calculator.CalculatorUITest:</div></td></tr>
<tr class="b">
<td align="left"><img src="images/icon_error_sml.gif" alt="" /></td>
<td><a id="com.houari.RoostTest.queryGetTest.queryGet_Test"></a>queryGet_Test</td></tr>
<tr class="a">
<td align="left">-</td>
<td>org.json.JSONException: Missing value at 1 [character 2 line 1]</td></tr>
<tr class="b">
<td align="left">-</td>
<td>
<div id="queryGet_Test-error">com.houari.RoostTest.queryGetTest:59</div></td></tr></table><br /></section>
      </div>
    </div>
    <div class="clear">
      <hr/>
    </div>
    <div id="footer">
      <div class="xright">
        Copyright &#169;      2024..      </div>
      <div class="clear">
        <hr/>
      </div>
    </div>
  </body>
</html>
